<?xml version="1.0" encoding="UTF-8"?>
<!-- Generated by org.testng.reporters.JUnitXMLReporter -->
<testsuite ignored="0" hostname="LAPTOP-UF8CEU9M" failures="0" tests="12" name="Test" time="0.132" errors="0" timestamp="2021-04-29T23:09:08 IST">
  <testcase classname="com.seleniumtest.testNG.BasicWebObject" name="@BeforeTest beforeTest" time="0.049">
    <failure type="java.lang.IllegalStateException" message="The driver executable does not exist: C:\Users\nikit\eclipse-workspace\Maven-selenium-march\BrowseDriver\chromedriver.exe">
      <![CDATA[java.lang.IllegalStateException: The driver executable does not exist: C:\Users\nikit\eclipse-workspace\Maven-selenium-march\BrowseDriver\chromedriver.exe
at com.google.common.base.Preconditions.checkState(Preconditions.java:585)
at org.openqa.selenium.remote.service.DriverService.checkExecutable(DriverService.java:146)
at org.openqa.selenium.remote.service.DriverService.findExecutable(DriverService.java:141)
at org.openqa.selenium.chrome.ChromeDriverService.access$000(ChromeDriverService.java:35)
at org.openqa.selenium.chrome.ChromeDriverService$Builder.findDefaultExecutable(ChromeDriverService.java:159)
at org.openqa.selenium.remote.service.DriverService$Builder.build(DriverService.java:355)
at org.openqa.selenium.chrome.ChromeDriverService.createDefaultService(ChromeDriverService.java:94)
at org.openqa.selenium.chrome.ChromeDriver.<init>(ChromeDriver.java:123)
at com.seleniumtest.testNG.BasicWebObject.beforeTest(BasicWebObject.java:22)
... Removed 24 stack frames]]>
    </failure>
  </testcase> <!-- @BeforeTest beforeTest -->
  <testcase classname="com.seleniumtest.testNG.CalculatorTest" name="@BeforeTest beforeTest" time="-1.619717947907E9">
    <skipped/>
  </testcase> <!-- @BeforeTest beforeTest -->
  <testcase classname="com.seleniumtest.testNG.CssLinktext" name="@BeforeTest beforeTest" time="-1.619717947908E9">
    <skipped/>
  </testcase> <!-- @BeforeTest beforeTest -->
  <testcase classname="com.seleniumtest.testNG.HardAssertCode" name="@BeforeTest beforeTest" time="-1.61971794791E9">
    <skipped/>
  </testcase> <!-- @BeforeTest beforeTest -->
  <testcase classname="com.seleniumtest.testNG.MutualLoginTest" name="@BeforeTest beforeTest" time="-1.619717947911E9">
    <skipped/>
  </testcase> <!-- @BeforeTest beforeTest -->
  <testcase classname="com.seleniumtest.testNG.TestLogin" name="@BeforeTest beforeTest" time="-1.619717947912E9">
    <skipped/>
  </testcase> <!-- @BeforeTest beforeTest -->
  <testcase classname="com.seleniumtest.testNG.BasicWebObject" name="@AfterTest afterTest" time="-1.619717947971E9">
    <skipped/>
  </testcase> <!-- @AfterTest afterTest -->
  <testcase classname="com.seleniumtest.testNG.CalculatorTest" name="@AfterTest afterTest" time="-1.619717947972E9">
    <skipped/>
  </testcase> <!-- @AfterTest afterTest -->
  <testcase classname="com.seleniumtest.testNG.CssLinktext" name="@AfterTest afterTest" time="-1.619717947973E9">
    <skipped/>
  </testcase> <!-- @AfterTest afterTest -->
  <testcase classname="com.seleniumtest.testNG.HardAssertCode" name="@AfterTest afterTest" time="-1.619717947974E9">
    <skipped/>
  </testcase> <!-- @AfterTest afterTest -->
  <testcase classname="com.seleniumtest.testNG.MutualLoginTest" name="@AfterTest afterTest" time="-1.619717947975E9">
    <skipped/>
  </testcase> <!-- @AfterTest afterTest -->
  <testcase classname="com.seleniumtest.testNG.TestLogin" name="@AfterTest afterTest" time="-1.619717947976E9">
    <skipped/>
  </testcase> <!-- @AfterTest afterTest -->
  <testcase classname="com.seleniumtest.testNG.CssLinktext" name="css" time="0.0">
    <skipped/>
  </testcase> <!-- css -->
  <testcase classname="com.seleniumtest.testNG.BasicWebObject" name="textBoxField" time="0.0">
    <skipped/>
  </testcase> <!-- textBoxField -->
  <testcase classname="com.seleniumtest.testNG.BasicWebObject" name="radioButton" time="0.0">
    <skipped/>
  </testcase> <!-- radioButton -->
  <testcase classname="com.seleniumtest.testNG.BasicWebObject" name="checkBox" time="0.0">
    <skipped/>
  </testcase> <!-- checkBox -->
  <testcase classname="com.seleniumtest.testNG.BasicWebObject" name="dropDownlist" time="0.0">
    <skipped/>
  </testcase> <!-- dropDownlist -->
  <testcase classname="com.seleniumtest.testNG.BasicWebObject" name="listBox" time="0.0">
    <skipped/>
  </testcase> <!-- listBox -->
  <testcase classname="com.seleniumtest.testNG.TestLogin" name="loginAltoroMutual" time="0.0">
    <skipped/>
  </testcase> <!-- loginAltoroMutual -->
  <testcase classname="com.seleniumtest.testNG.MutualLoginTest" name="login_Admin" time="0.0">
    <skipped/>
  </testcase> <!-- login_Admin -->
  <testcase classname="com.seleniumtest.testNG.HardAssertCode" name="loginPage" time="0.0">
    <skipped/>
  </testcase> <!-- loginPage -->
  <testcase classname="com.seleniumtest.testNG.HardAssertCode" name="logoutPage" time="0.0">
    <skipped/>
  </testcase> <!-- logoutPage -->
  <testcase classname="com.seleniumtest.testNG.CalculatorTest" name="CalculatorOp" time="0.0">
    <skipped/>
  </testcase> <!-- CalculatorOp -->
  <testcase classname="com.seleniumtest.testNG.CalculatorTest" name="calculatorOp" time="0.0">
    <skipped/>
  </testcase> <!-- calculatorOp -->
</testsuite> <!-- Test -->
