<?xml version="1.0" encoding="UTF-8"?>
<!-- Generated by org.testng.reporters.JUnitReportReporter -->
<testsuite hostname="LAPTOP-UF8CEU9M" failures="0" tests="2" name="com.selenium.webobject.Code_For_JavaScriptExecutor_9" time="1.770" errors="1" timestamp="2021-04-27T22:36:19 IST" skipped="1">
  <testcase classname="com.selenium.webobject.Code_For_JavaScriptExecutor_9" name="Code_For_JavaScriptExecutor_Test" time="0.000">
    <skipped/>
  </testcase> <!-- Code_For_JavaScriptExecutor_Test -->
  <system-out/>
  <testcase classname="com.selenium.webobject.Code_For_JavaScriptExecutor_9" name="beforeTest" time="1.770">
    <error message="session not created: This version of ChromeDriver only supports Chrome version 88
Current browser version is 90.0.4430.93 with binary path C:\Program Files\Google\Chrome\Application\chrome.exe
Build info: version: &#039;3.141.59&#039;, revision: &#039;e82be7d358&#039;, time: &#039;2018-11-14T08:17:03&#039;
System info: host: &#039;LAPTOP-UF8CEU9M&#039;, ip: &#039;192.168.0.104&#039;, os.name: &#039;Windows 10&#039;, os.arch: &#039;amd64&#039;, os.version: &#039;10.0&#039;, java.version: &#039;15.0.2&#039;
Driver info: driver.version: ChromeDriver
remote stacktrace: Backtrace:
	GetHandleVerifier [0x0026B963+483]
	GetHandleVerifier [0x0026B941+449]
	GetHandleVerifier [0x00613308+3832712]
	GetHandleVerifier [0x0062D69A+3940122]
	GetHandleVerifier [0x00629AFB+3924859]
	GetHandleVerifier [0x00627D9C+3917340]
	GetHandleVerifier [0x0064E7FE+4075646]
	GetHandleVerifier [0x0064E56C+4074988]
	GetHandleVerifier [0x0064B2EB+4062059]
	GetHandleVerifier [0x0062ED14+3945876]
	GetHandleVerifier [0x0062FBCE+3949646]
	GetHandleVerifier [0x0062FB59+3949529]
	Ordinal0 [0x0022B5CC+46540]
	Ordinal0 [0x00229F53+40787]
	Ordinal0 [0x00229B12+39698]
	GetHandleVerifier [0x00531468+2907368]
	GetHandleVerifier [0x003771EE+1096302]
	GetHandleVerifier [0x00333E8D+821005]
	GetHandleVerifier [0x0033396B+819691]
	GetHandleVerifier [0x00333881+819457]
	GetHandleVerifier [0x0035F463+998627]
	BaseThreadInitThunk [0x75DFFA29+25]
	RtlGetAppContainerNamedObjectPath [0x77497A4E+286]
	RtlGetAppContainerNamedObjectPath [0x77497A1E+238]
" type="org.openqa.selenium.SessionNotCreatedException">
      <![CDATA[org.openqa.selenium.SessionNotCreatedException: session not created: This version of ChromeDriver only supports Chrome version 88
Current browser version is 90.0.4430.93 with binary path C:\Program Files\Google\Chrome\Application\chrome.exe
Build info: version: '3.141.59', revision: 'e82be7d358', time: '2018-11-14T08:17:03'
System info: host: 'LAPTOP-UF8CEU9M', ip: '192.168.0.104', os.name: 'Windows 10', os.arch: 'amd64', os.version: '10.0', java.version: '15.0.2'
Driver info: driver.version: ChromeDriver
remote stacktrace: Backtrace:
GetHandleVerifier [0x0026B963+483]
GetHandleVerifier [0x0026B941+449]
GetHandleVerifier [0x00613308+3832712]
GetHandleVerifier [0x0062D69A+3940122]
GetHandleVerifier [0x00629AFB+3924859]
GetHandleVerifier [0x00627D9C+3917340]
GetHandleVerifier [0x0064E7FE+4075646]
GetHandleVerifier [0x0064E56C+4074988]
GetHandleVerifier [0x0064B2EB+4062059]
GetHandleVerifier [0x0062ED14+3945876]
GetHandleVerifier [0x0062FBCE+3949646]
GetHandleVerifier [0x0062FB59+3949529]
Ordinal0 [0x0022B5CC+46540]
Ordinal0 [0x00229F53+40787]
Ordinal0 [0x00229B12+39698]
GetHandleVerifier [0x00531468+2907368]
GetHandleVerifier [0x003771EE+1096302]
GetHandleVerifier [0x00333E8D+821005]
GetHandleVerifier [0x0033396B+819691]
GetHandleVerifier [0x00333881+819457]
GetHandleVerifier [0x0035F463+998627]
BaseThreadInitThunk [0x75DFFA29+25]
RtlGetAppContainerNamedObjectPath [0x77497A4E+286]
RtlGetAppContainerNamedObjectPath [0x77497A1E+238]

at java.base/jdk.internal.reflect.NativeConstructorAccessorImpl.newInstance0(Native Method)
at java.base/jdk.internal.reflect.NativeConstructorAccessorImpl.newInstance(NativeConstructorAccessorImpl.java:64)
at java.base/jdk.internal.reflect.DelegatingConstructorAccessorImpl.newInstance(DelegatingConstructorAccessorImpl.java:45)
at java.base/java.lang.reflect.Constructor.newInstanceWithCaller(Constructor.java:500)
at java.base/java.lang.reflect.Constructor.newInstance(Constructor.java:481)
at org.openqa.selenium.remote.W3CHandshakeResponse.lambda$errorHandler$0(W3CHandshakeResponse.java:62)
at org.openqa.selenium.remote.HandshakeResponse.lambda$getResponseFunction$0(HandshakeResponse.java:30)
at org.openqa.selenium.remote.ProtocolHandshake.lambda$createSession$0(ProtocolHandshake.java:126)
at java.base/java.util.stream.ReferencePipeline$3$1.accept(ReferencePipeline.java:195)
at java.base/java.util.Spliterators$ArraySpliterator.tryAdvance(Spliterators.java:958)
at java.base/java.util.stream.ReferencePipeline.forEachWithCancel(ReferencePipeline.java:127)
at java.base/java.util.stream.AbstractPipeline.copyIntoWithCancel(AbstractPipeline.java:502)
at java.base/java.util.stream.AbstractPipeline.copyInto(AbstractPipeline.java:488)
at java.base/java.util.stream.AbstractPipeline.wrapAndCopyInto(AbstractPipeline.java:474)
at java.base/java.util.stream.FindOps$FindOp.evaluateSequential(FindOps.java:150)
at java.base/java.util.stream.AbstractPipeline.evaluate(AbstractPipeline.java:234)
at java.base/java.util.stream.ReferencePipeline.findFirst(ReferencePipeline.java:543)
at org.openqa.selenium.remote.ProtocolHandshake.createSession(ProtocolHandshake.java:128)
at org.openqa.selenium.remote.ProtocolHandshake.createSession(ProtocolHandshake.java:74)
at org.openqa.selenium.remote.HttpCommandExecutor.execute(HttpCommandExecutor.java:136)
at org.openqa.selenium.remote.service.DriverCommandExecutor.execute(DriverCommandExecutor.java:83)
at org.openqa.selenium.remote.RemoteWebDriver.execute(RemoteWebDriver.java:552)
at org.openqa.selenium.remote.RemoteWebDriver.startSession(RemoteWebDriver.java:213)
at org.openqa.selenium.remote.RemoteWebDriver.<init>(RemoteWebDriver.java:131)
at org.openqa.selenium.chrome.ChromeDriver.<init>(ChromeDriver.java:181)
at org.openqa.selenium.chrome.ChromeDriver.<init>(ChromeDriver.java:168)
at org.openqa.selenium.chrome.ChromeDriver.<init>(ChromeDriver.java:123)
at com.selenium.webobject.Code_For_JavaScriptExecutor_9.beforeTest(Code_For_JavaScriptExecutor_9.java:22)
at java.base/jdk.internal.reflect.NativeMethodAccessorImpl.invoke0(Native Method)
at java.base/jdk.internal.reflect.NativeMethodAccessorImpl.invoke(NativeMethodAccessorImpl.java:64)
at java.base/jdk.internal.reflect.DelegatingMethodAccessorImpl.invoke(DelegatingMethodAccessorImpl.java:43)
at java.base/java.lang.reflect.Method.invoke(Method.java:564)
at org.testng.internal.MethodInvocationHelper.invokeMethod(MethodInvocationHelper.java:132)
at org.testng.internal.MethodInvocationHelper.invokeMethodConsideringTimeout(MethodInvocationHelper.java:61)
at org.testng.internal.ConfigInvoker.invokeConfigurationMethod(ConfigInvoker.java:366)
at org.testng.internal.ConfigInvoker.invokeConfigurations(ConfigInvoker.java:320)
at org.testng.TestRunner.invokeTestConfigurations(TestRunner.java:617)
at org.testng.TestRunner.beforeRun(TestRunner.java:607)
at org.testng.TestRunner.run(TestRunner.java:578)
at org.testng.SuiteRunner.runTest(SuiteRunner.java:384)
at org.testng.SuiteRunner.runSequentially(SuiteRunner.java:378)
at org.testng.SuiteRunner.privateRun(SuiteRunner.java:337)
at org.testng.SuiteRunner.run(SuiteRunner.java:286)
at org.testng.SuiteRunnerWorker.runSuite(SuiteRunnerWorker.java:53)
at org.testng.SuiteRunnerWorker.run(SuiteRunnerWorker.java:96)
at org.testng.TestNG.runSuitesSequentially(TestNG.java:1218)
at org.testng.TestNG.runSuitesLocally(TestNG.java:1140)
at org.testng.TestNG.runSuites(TestNG.java:1069)
at org.testng.TestNG.run(TestNG.java:1037)
at org.testng.remote.AbstractRemoteTestNG.run(AbstractRemoteTestNG.java:115)
at org.testng.remote.RemoteTestNG.initAndRun(RemoteTestNG.java:251)
at org.testng.remote.RemoteTestNG.main(RemoteTestNG.java:77)
]]>
    </error>
  </testcase> <!-- beforeTest -->
  <system-out/>
</testsuite> <!-- com.selenium.webobject.Code_For_JavaScriptExecutor_9 -->
